[2026-03-16T16:02:52.840Z] {"timestamp":1773676971397,"kind":"scroll","url":"http://localhost:3000/","viewport":{"width":858,"height":375},"payload":{"scrollX":0,"scrollY":100,"documentHeight":12208,"viewportHeight":375}}
[2026-03-16T16:02:52.840Z] {"timestamp":1773676971964,"kind":"scroll","url":"http://localhost:3000/","viewport":{"width":858,"height":375},"payload":{"scrollX":0,"scrollY":800,"documentHeight":12208,"viewportHeight":375}}
[2026-03-16T16:02:52.840Z] {"timestamp":1773676972488,"kind":"scroll","url":"http://localhost:3000/","viewport":{"width":858,"height":375},"payload":{"scrollX":0,"scrollY":500,"documentHeight":12208,"viewportHeight":375}}
[2026-03-16T16:02:54.827Z] {"timestamp":1773676972998,"kind":"scroll","url":"http://localhost:3000/","viewport":{"width":858,"height":375},"payload":{"scrollX":0,"scrollY":600,"documentHeight":12208,"viewportHeight":375}}
[2026-03-16T16:02:54.827Z] {"timestamp":1773676973598,"kind":"scroll","url":"http://localhost:3000/","viewport":{"width":858,"height":375},"payload":{"scrollX":0,"scrollY":1000,"documentHeight":12208,"viewportHeight":375}}
[2026-03-16T16:02:54.827Z] {"timestamp":1773676974431,"kind":"scroll","url":"http://localhost:3000/","viewport":{"width":858,"height":375},"payload":{"scrollX":0,"scrollY":1900,"documentHeight":12208,"viewportHeight":375}}
[2026-03-16T16:02:56.833Z] {"timestamp":1773676974931,"kind":"scroll","url":"http://localhost:3000/","viewport":{"width":858,"height":375},"payload":{"scrollX":0,"scrollY":1100,"documentHeight":12208,"viewportHeight":375}}
[2026-03-16T16:02:56.833Z] {"timestamp":1773676975532,"kind":"scroll","url":"http://localhost:3000/","viewport":{"width":858,"height":375},"payload":{"scrollX":0,"scrollY":200,"documentHeight":12208,"viewportHeight":375}}
[2026-03-16T16:06:20.836Z] {"timestamp":1773677178987,"kind":"scroll","url":"http://localhost:3000/","viewport":{"width":1498,"height":607},"payload":{"scrollX":0,"scrollY":100,"documentHeight":9509,"viewportHeight":607}}
[2026-03-16T16:09:42.831Z] {"timestamp":1773677382266,"kind":"scroll","url":"http://localhost:3000/","viewport":{"width":1498,"height":112},"payload":{"scrollX":0,"scrollY":400,"documentHeight":9509,"viewportHeight":112}}
[2026-03-16T16:09:44.827Z] {"timestamp":1773677382831,"kind":"scroll","url":"http://localhost:3000/","viewport":{"width":1498,"height":112},"payload":{"scrollX":0,"scrollY":100,"documentHeight":9509,"viewportHeight":112}}
[2026-03-16T16:09:44.827Z] {"timestamp":1773677383598,"kind":"scroll","url":"http://localhost:3000/","viewport":{"width":1498,"height":112},"payload":{"scrollX":0,"scrollY":600,"documentHeight":9509,"viewportHeight":112}}
[2026-03-16T16:11:36.828Z] {"timestamp":1773677496204,"kind":"scroll","url":"http://localhost:3000/","viewport":{"width":1498,"height":593},"payload":{"scrollX":0,"scrollY":800,"documentHeight":9509,"viewportHeight":593}}
[2026-03-16T16:11:38.829Z] {"timestamp":1773677497048,"kind":"scroll","url":"http://localhost:3000/","viewport":{"width":1498,"height":593},"payload":{"scrollX":0,"scrollY":1300,"documentHeight":9509,"viewportHeight":593}}
[2026-03-16T16:11:38.829Z] {"timestamp":1773677497771,"kind":"scroll","url":"http://localhost:3000/","viewport":{"width":1498,"height":593},"payload":{"scrollX":0,"scrollY":1000,"documentHeight":9509,"viewportHeight":593}}
[2026-03-16T16:11:38.829Z] {"timestamp":1773677498398,"kind":"scroll","url":"http://localhost:3000/","viewport":{"width":1498,"height":593},"payload":{"scrollX":0,"scrollY":1500,"documentHeight":9509,"viewportHeight":593}}
[2026-03-16T16:11:40.834Z] {"timestamp":1773677499771,"kind":"scroll","url":"http://localhost:3000/","viewport":{"width":1498,"height":593},"payload":{"scrollX":0,"scrollY":2400,"documentHeight":9509,"viewportHeight":593}}
[2026-03-16T16:11:40.834Z] {"timestamp":1773677500282,"kind":"scroll","url":"http://localhost:3000/","viewport":{"width":1498,"height":593},"payload":{"scrollX":0,"scrollY":2900,"documentHeight":9509,"viewportHeight":593}}
[2026-03-16T16:11:42.831Z] {"timestamp":1773677501048,"kind":"scroll","url":"http://localhost:3000/","viewport":{"width":1498,"height":593},"payload":{"scrollX":0,"scrollY":3100,"documentHeight":9509,"viewportHeight":593}}
[2026-03-16T16:11:57.137Z] {"timestamp":1773677515463,"kind":"scroll","url":"http://localhost:3000/","viewport":{"width":1498,"height":593},"payload":{"scrollX":0,"scrollY":3400,"documentHeight":9509,"viewportHeight":593}}
[2026-03-16T16:12:01.133Z] {"timestamp":1773677519351,"kind":"scroll","url":"http://localhost:3000/","viewport":{"width":1498,"height":593},"payload":{"scrollX":0,"scrollY":3500,"documentHeight":9509,"viewportHeight":593}}
[2026-03-16T16:12:01.133Z] {"timestamp":1773677519982,"kind":"scroll","url":"http://localhost:3000/","viewport":{"width":1498,"height":593},"payload":{"scrollX":0,"scrollY":4200,"documentHeight":9509,"viewportHeight":593}}
[2026-03-16T16:12:01.133Z] {"timestamp":1773677520482,"kind":"scroll","url":"http://localhost:3000/","viewport":{"width":1498,"height":593},"payload":{"scrollX":0,"scrollY":5000,"documentHeight":9509,"viewportHeight":593}}
[2026-03-16T16:12:01.133Z] {"timestamp":1773677521022,"kind":"scroll","url":"http://localhost:3000/","viewport":{"width":1498,"height":593},"payload":{"scrollX":0,"scrollY":5500,"documentHeight":9509,"viewportHeight":593}}
[2026-03-16T16:12:03.131Z] {"timestamp":1773677523121,"kind":"scroll","url":"http://localhost:3000/","viewport":{"width":1498,"height":593},"payload":{"scrollX":0,"scrollY":5800,"documentHeight":9509,"viewportHeight":593}}
[2026-03-16T16:12:05.133Z] {"timestamp":1773677524421,"kind":"scroll","url":"http://localhost:3000/","viewport":{"width":1498,"height":593},"payload":{"scrollX":0,"scrollY":5900,"documentHeight":9509,"viewportHeight":593}}
[2026-03-16T16:12:07.143Z] {"timestamp":1773677525133,"kind":"scroll","url":"http://localhost:3000/","viewport":{"width":1498,"height":593},"payload":{"scrollX":0,"scrollY":6700,"documentHeight":9509,"viewportHeight":593}}
[2026-03-16T16:12:07.143Z] {"timestamp":1773677525756,"kind":"scroll","url":"http://localhost:3000/","viewport":{"width":1498,"height":593},"payload":{"scrollX":0,"scrollY":7400,"documentHeight":9509,"viewportHeight":593}}
[2026-03-16T16:12:07.143Z] {"timestamp":1773677526341,"kind":"scroll","url":"http://localhost:3000/","viewport":{"width":1498,"height":593},"payload":{"scrollX":0,"scrollY":8100,"documentHeight":9509,"viewportHeight":593}}
[2026-03-16T16:12:07.143Z] {"timestamp":1773677526882,"kind":"scroll","url":"http://localhost:3000/","viewport":{"width":1498,"height":593},"payload":{"scrollX":0,"scrollY":8800,"documentHeight":9509,"viewportHeight":593}}
[2026-03-16T16:12:09.136Z] {"timestamp":1773677527399,"kind":"scroll","url":"http://localhost:3000/","viewport":{"width":1498,"height":593},"payload":{"scrollX":0,"scrollY":8700,"documentHeight":9509,"viewportHeight":593}}
[2026-03-16T16:12:09.136Z] {"timestamp":1773677528288,"kind":"scroll","url":"http://localhost:3000/","viewport":{"width":1498,"height":593},"payload":{"scrollX":0,"scrollY":8700,"documentHeight":9509,"viewportHeight":593}}
[2026-03-16T16:12:37.135Z] {"timestamp":1773677555268,"kind":"scroll","url":"http://localhost:3000/","viewport":{"width":1498,"height":593},"payload":{"scrollX":0,"scrollY":8600,"documentHeight":9509,"viewportHeight":593}}
[2026-03-16T16:12:37.135Z] {"timestamp":1773677555820,"kind":"scroll","url":"http://localhost:3000/","viewport":{"width":1498,"height":593},"payload":{"scrollX":0,"scrollY":7800,"documentHeight":9509,"viewportHeight":593}}
[2026-03-16T16:12:37.135Z] {"timestamp":1773677556382,"kind":"scroll","url":"http://localhost:3000/","viewport":{"width":1498,"height":593},"payload":{"scrollX":0,"scrollY":6700,"documentHeight":9509,"viewportHeight":593}}
[2026-03-16T16:12:37.135Z] {"timestamp":1773677556989,"kind":"focusin","url":"http://localhost:3000/","viewport":{"width":1498,"height":593},"payload":{"target":{"tag":"a","id":null,"name":null,"type":null,"role":null,"ariaLabel":null,"testId":null,"dataLoc":"client\\src\\components\\Navbar.tsx:46","href":"#","text":"AutoglasEde","selectorHint":"[data-loc=\"client\\src\\components\\Navbar.tsx:46\"]"}}}
[2026-03-16T16:12:37.135Z] {"timestamp":1773677557076,"kind":"click","url":"http://localhost:3000/","viewport":{"width":1498,"height":593},"payload":{"target":{"tag":"span","id":null,"name":null,"type":null,"role":null,"ariaLabel":null,"testId":null,"dataLoc":"client\\src\\components\\Navbar.tsx:47","href":null,"text":"AutoglasEde","selectorHint":"[data-loc=\"client\\src\\components\\Navbar.tsx:47\"]"},"x":199,"y":35}}
[2026-03-16T16:12:37.135Z] {"timestamp":1773677557076,"kind":"navigate","url":"http://localhost:3000/#","viewport":{"width":1498,"height":593},"payload":{"reason":"popstate"}}
[2026-03-16T16:12:37.135Z] {"timestamp":1773677557081,"kind":"scroll","url":"http://localhost:3000/#","viewport":{"width":1498,"height":593},"payload":{"scrollX":0,"scrollY":0,"documentHeight":9509,"viewportHeight":593}}
[2026-03-16T16:12:37.135Z] {"timestamp":1773677557084,"kind":"navigate","url":"http://localhost:3000/#","viewport":{"width":1498,"height":593},"payload":{"reason":"hashchange"}}
[2026-03-16T16:12:39.134Z] {"timestamp":1773677558288,"kind":"scroll","url":"http://localhost:3000/#","viewport":{"width":1498,"height":593},"payload":{"scrollX":0,"scrollY":100,"documentHeight":9509,"viewportHeight":593}}
[2026-03-16T16:13:13.134Z] {"timestamp":1773677591708,"kind":"focusout","url":"http://localhost:3000/#","viewport":{"width":1498,"height":593},"payload":{"target":{"tag":"a","id":null,"name":null,"type":null,"role":null,"ariaLabel":null,"testId":null,"dataLoc":"client\\src\\components\\Navbar.tsx:46","href":"#","text":"AutoglasEde","selectorHint":"[data-loc=\"client\\src\\components\\Navbar.tsx:46\"]"},"value":null}}
[2026-03-16T16:13:53.134Z] {"timestamp":1773677631221,"kind":"scroll","url":"http://localhost:3000/#","viewport":{"width":1498,"height":593},"payload":{"scrollX":0,"scrollY":100,"documentHeight":9509,"viewportHeight":593}}
[2026-03-16T16:13:53.134Z] {"timestamp":1773677632148,"kind":"scroll","url":"http://localhost:3000/#","viewport":{"width":1498,"height":593},"payload":{"scrollX":0,"scrollY":100,"documentHeight":9509,"viewportHeight":593}}
[2026-03-16T16:13:55.140Z] {"timestamp":1773677633236,"kind":"scroll","url":"http://localhost:3000/#","viewport":{"width":1498,"height":593},"payload":{"scrollX":0,"scrollY":100,"documentHeight":9509,"viewportHeight":593}}
[2026-03-16T16:13:55.140Z] {"timestamp":1773677633972,"kind":"scroll","url":"http://localhost:3000/#","viewport":{"width":1498,"height":593},"payload":{"scrollX":0,"scrollY":0,"documentHeight":9509,"viewportHeight":593}}
[2026-03-16T16:22:16.703Z] {"timestamp":1773678135872,"kind":"scroll","url":"http://localhost:3000/#","viewport":{"width":1498,"height":593},"payload":{"scrollX":0,"scrollY":100,"documentHeight":9509,"viewportHeight":593}}
